[debug] ----------------------------------------------------------------------
[debug] Command:      /usr/local/bin/node /usr/local/bin/firebase serve
[debug] CLI Version:  3.0.6
[debug] Platform:     darwin
[debug] Node Version: v4.2.1
[debug] Time:         Mon Aug 08 2016 18:23:57 GMT-0700 (PDT)
[debug] ----------------------------------------------------------------------
[debug] 
[info] Starting Firebase development server...
[info] 
[info] Project Directory: /Users/jonathanyu/Desktop/scoutspot-core
[info] Public Directory: public
[info] 
[info] Server listening at: http://localhost:5000
[debug] ----------------------------------------------------------------------
[debug] Command:      /usr/local/bin/node /usr/local/bin/firebase serve
[debug] CLI Version:  3.0.6
[debug] Platform:     darwin
[debug] Node Version: v4.2.1
[debug] Time:         Thu Aug 11 2016 17:25:43 GMT-0700 (PDT)
[debug] ----------------------------------------------------------------------
[debug] 
[info] Starting Firebase development server...
[info] 
[info] Project Directory: /Users/jonathanyu/Desktop/scoutspot-core
[info] Public Directory: public
[info] 
[info] Server listening at: http://localhost:5000
